E:\OPENCV练习\CVFILP\CVFILP\DEBUG\123.OBJ
E:\OPENCV练习\CVFILP\CVFILP\DEBUG\323.OBJ
E:\OpenCV练习\cvFilp\cvFilp\Debug\cl.command.1.tlog
E:\OpenCV练习\cvFilp\cvFilp\Debug\CL.read.1.tlog
E:\OpenCV练习\cvFilp\cvFilp\Debug\CL.write.1.tlog
E:\OPENCV练习\CVFILP\CVFILP\DEBUG\CVFILP.EXE.EMBED.MANIFEST
E:\OPENCV练习\CVFILP\CVFILP\DEBUG\CVFILP.EXE.EMBED.MANIFEST.RES
E:\OPENCV练习\CVFILP\CVFILP\DEBUG\CVFILP.EXE.INTERMEDIATE.MANIFEST
E:\OpenCV练习\cvFilp\cvFilp\Debug\cvFilp_manifest.rc
E:\OpenCV练习\cvFilp\cvFilp\Debug\link.7808.read.1.tlog
E:\OpenCV练习\cvFilp\cvFilp\Debug\link.7808.write.1.tlog
E:\OpenCV练习\cvFilp\cvFilp\Debug\link.7808-cvtres.read.1.tlog
E:\OpenCV练习\cvFilp\cvFilp\Debug\link.7808-cvtres.write.1.tlog
E:\OpenCV练习\cvFilp\cvFilp\Debug\link.command.1.tlog
E:\OpenCV练习\cvFilp\cvFilp\Debug\link.read.1.tlog
E:\OpenCV练习\cvFilp\cvFilp\Debug\link.write.1.tlog
E:\OpenCV练习\cvFilp\cvFilp\Debug\link-cvtres.read.1.tlog
E:\OpenCV练习\cvFilp\cvFilp\Debug\link-cvtres.write.1.tlog
E:\OpenCV练习\cvFilp\cvFilp\Debug\mt.command.1.tlog
E:\OpenCV练习\cvFilp\cvFilp\Debug\mt.read.1.tlog
E:\OpenCV练习\cvFilp\cvFilp\Debug\mt.write.1.tlog
E:\OpenCV练习\cvFilp\cvFilp\Debug\rc.command.1.tlog
E:\OpenCV练习\cvFilp\cvFilp\Debug\rc.read.1.tlog
E:\OpenCV练习\cvFilp\cvFilp\Debug\rc.write.1.tlog
E:\OpenCV练习\cvFilp\cvFilp\Debug\vc100.idb
E:\OPENCV练习\CVFILP\CVFILP\DEBUG\VC100.PDB
E:\OPENCV练习\CVFILP\DEBUG\CVFILP.EXE
E:\OPENCV练习\CVFILP\DEBUG\CVFILP.ILK
E:\OPENCV练习\CVFILP\DEBUG\CVFILP.PDB
